0 info it worked if it ends with ok
1 verbose cli [ '/Users/philipjohnson/.meteor/packages/meteor-tool/.1.4.1_3.10qo90w++os.osx.x86_64+web.browser+web.cordova/mt-os.osx.x86_64/dev_bundle/bin/node',
1 verbose cli   '/Users/philipjohnson/.meteor/packages/meteor-tool/.1.4.1_3.10qo90w++os.osx.x86_64+web.browser+web.cordova/mt-os.osx.x86_64/dev_bundle/bin/npm',
1 verbose cli   'run',
1 verbose cli   'lint' ]
2 info using npm@3.10.8
3 info using node@v4.6.1
4 verbose run-script [ 'prelint', 'lint', 'postlint' ]
5 info lifecycle meteor-example-form@~prelint: meteor-example-form@
6 silly lifecycle meteor-example-form@~prelint: no script for prelint, continuing
7 info lifecycle meteor-example-form@~lint: meteor-example-form@
8 verbose lifecycle meteor-example-form@~lint: unsafe-perm in lifecycle true
9 verbose lifecycle meteor-example-form@~lint: PATH: /Users/philipjohnson/.meteor/packages/meteor-tool/.1.4.1_3.10qo90w++os.osx.x86_64+web.browser+web.cordova/mt-os.osx.x86_64/dev_bundle/lib/node_modules/npm/bin/node-gyp-bin:/Users/philipjohnson/github/ics-software-engineering/meteor-example-form/app/node_modules/.bin:/Users/philipjohnson/.meteor/packages/meteor-tool/.1.4.1_3.10qo90w++os.osx.x86_64+web.browser+web.cordova/mt-os.osx.x86_64/dev_bundle/bin:/Users/philipjohnson/.meteor/packages/meteor-tool/.1.4.1_3.10qo90w++os.osx.x86_64+web.browser+web.cordova/mt-os.osx.x86_64/dev_bundle/lib/node_modules/.bin:/usr/local/bin:/usr/bin:/bin:/usr/sbin:/sbin:/Library/TeX/texbin
10 verbose lifecycle meteor-example-form@~lint: CWD: /Users/philipjohnson/github/ics-software-engineering/meteor-example-form/app
11 silly lifecycle meteor-example-form@~lint: Args: [ '-c', 'eslint --quiet ./imports' ]
12 silly lifecycle meteor-example-form@~lint: Returned: code: 1  signal: null
13 info lifecycle meteor-example-form@~lint: Failed to exec lint script
14 verbose stack Error: meteor-example-form@ lint: `eslint --quiet ./imports`
14 verbose stack Exit status 1
14 verbose stack     at EventEmitter.<anonymous> (/Users/philipjohnson/.meteor/packages/meteor-tool/.1.4.1_3.10qo90w++os.osx.x86_64+web.browser+web.cordova/mt-os.osx.x86_64/dev_bundle/lib/node_modules/npm/lib/utils/lifecycle.js:255:16)
14 verbose stack     at emitTwo (events.js:87:13)
14 verbose stack     at EventEmitter.emit (events.js:172:7)
14 verbose stack     at ChildProcess.<anonymous> (/Users/philipjohnson/.meteor/packages/meteor-tool/.1.4.1_3.10qo90w++os.osx.x86_64+web.browser+web.cordova/mt-os.osx.x86_64/dev_bundle/lib/node_modules/npm/lib/utils/spawn.js:40:14)
14 verbose stack     at emitTwo (events.js:87:13)
14 verbose stack     at ChildProcess.emit (events.js:172:7)
14 verbose stack     at maybeClose (internal/child_process.js:829:16)
14 verbose stack     at Process.ChildProcess._handle.onexit (internal/child_process.js:211:5)
15 verbose pkgid meteor-example-form@
16 verbose cwd /Users/philipjohnson/github/ics-software-engineering/meteor-example-form/app
17 error Darwin 14.5.0
18 error argv "/Users/philipjohnson/.meteor/packages/meteor-tool/.1.4.1_3.10qo90w++os.osx.x86_64+web.browser+web.cordova/mt-os.osx.x86_64/dev_bundle/bin/node" "/Users/philipjohnson/.meteor/packages/meteor-tool/.1.4.1_3.10qo90w++os.osx.x86_64+web.browser+web.cordova/mt-os.osx.x86_64/dev_bundle/bin/npm" "run" "lint"
19 error node v4.6.1
20 error npm  v3.10.8
21 error code ELIFECYCLE
22 error meteor-example-form@ lint: `eslint --quiet ./imports`
22 error Exit status 1
23 error Failed at the meteor-example-form@ lint script 'eslint --quiet ./imports'.
23 error Make sure you have the latest version of node.js and npm installed.
23 error If you do, this is most likely a problem with the meteor-example-form package,
23 error not with npm itself.
23 error Tell the author that this fails on your system:
23 error     eslint --quiet ./imports
23 error You can get information on how to open an issue for this project with:
23 error     npm bugs meteor-example-form
23 error Or if that isn't available, you can get their info via:
23 error     npm owner ls meteor-example-form
23 error There is likely additional logging output above.
24 verbose exit [ 1, true ]
